<?xml version="1.0" encoding="utf-8"?>
<test-run id="2" name="MainModule.NunitLiteTest.exe" fullname="C:/Users/79261/source/repos/TrainingTest/MainModule.NunitLiteTest/bin/Debug/MainModule.NunitLiteTest.exe" testcasecount="1" result="Passed" start-time="2022-01-05T12:54:01.5589080Z" end-time="2022-01-05T12:54:01.6132230Z" duration="0.054814" total="1" passed="1" failed="0" inconclusive="0" skipped="0" warnings="0" asserts="1" random-seed="579306451">
  <command-line><![CDATA["C:\Users\79261\source\repos\TrainingTest\MainModule.NunitLiteTest\bin\Debug\MainModule.NunitLiteTest.exe" ]]></command-line>
  <filter />
  <test-suite type="Assembly" id="1002" name="MainModule.NunitLiteTest.exe" fullname="C:/Users/79261/source/repos/TrainingTest/MainModule.NunitLiteTest/bin/Debug/MainModule.NunitLiteTest.exe" runstate="Runnable" testcasecount="1" result="Passed" start-time="2022-01-05T12:54:01.5589080Z" end-time="2022-01-05T12:54:01.6132230Z" duration="0.054814" total="1" passed="1" failed="0" warnings="0" inconclusive="0" skipped="0" asserts="1">
    <environment framework-version="3.13.2.0" clr-version="4.0.30319.42000" os-version="Microsoft Windows NT 10.0.22000" platform="Win32NT" cwd="C:\Users\79261\source\repos\TrainingTest\MainModule.NunitLiteTest\bin\Debug" machine-name="DESKTOP-EUTM4OO" user="79261" user-domain="DESKTOP-EUTM4OO" culture="ru-RU" uiculture="ru-RU" os-architecture="x86" />
    <settings>
      <setting name="WorkDirectory" value="C:\Users\79261\source\repos\TrainingTest\MainModule.NunitLiteTest\bin\Debug" />
      <setting name="NumberOfTestWorkers" value="8" />
    </settings>
    <properties>
      <property name="_PID" value="7848" />
      <property name="_APPDOMAIN" value="MainModule.NunitLiteTest.exe" />
    </properties>
    <test-suite type="TestSuite" id="1003" name="MainModule" fullname="MainModule" runstate="Runnable" testcasecount="1" result="Passed" start-time="2022-01-05T12:54:01.5669063Z" end-time="2022-01-05T12:54:01.6132230Z" duration="0.046814" total="1" passed="1" failed="0" warnings="0" inconclusive="0" skipped="0" asserts="1">
      <test-suite type="TestSuite" id="1004" name="NunitLiteTest" fullname="MainModule.NunitLiteTest" runstate="Runnable" testcasecount="1" result="Passed" start-time="2022-01-05T12:54:01.5669063Z" end-time="2022-01-05T12:54:01.6132230Z" duration="0.046395" total="1" passed="1" failed="0" warnings="0" inconclusive="0" skipped="0" asserts="1">
        <test-suite type="TestFixture" id="1000" name="ArrayManagerTests" fullname="MainModule.NunitLiteTest.ArrayManagerTests" classname="MainModule.NunitLiteTest.ArrayManagerTests" runstate="Runnable" testcasecount="1" result="Passed" start-time="2022-01-05T12:54:01.5689066Z" end-time="2022-01-05T12:54:01.6132230Z" duration="0.044082" total="1" passed="1" failed="0" warnings="0" inconclusive="0" skipped="0" asserts="1">
          <test-case id="1001" name="FindMax_PositiveElements_Test" fullname="MainModule.NunitLiteTest.ArrayManagerTests.FindMax_PositiveElements_Test" methodname="FindMax_PositiveElements_Test" classname="MainModule.NunitLiteTest.ArrayManagerTests" runstate="Runnable" seed="1851695371" result="Passed" start-time="2022-01-05T12:54:01.5709076Z" end-time="2022-01-05T12:54:01.6072225Z" duration="0.036484" asserts="1" />
        </test-suite>
      </test-suite>
    </test-suite>
  </test-suite>
</test-run>